2024-04-07 09:49:05,865:WARNING:
'cuml' is a soft dependency and not included in the pycaret installation. Please run: `pip install cuml` to install.
2024-04-07 09:49:05,866:WARNING:
'cuml' is a soft dependency and not included in the pycaret installation. Please run: `pip install cuml` to install.
2024-04-07 09:49:05,866:WARNING:
'cuml' is a soft dependency and not included in the pycaret installation. Please run: `pip install cuml` to install.
2024-04-07 09:49:05,866:WARNING:
'cuml' is a soft dependency and not included in the pycaret installation. Please run: `pip install cuml` to install.
2024-04-07 09:49:05,952:INFO:PyCaret RegressionExperiment
2024-04-07 09:49:05,953:INFO:Logging name: reg-default-name
2024-04-07 09:49:05,953:INFO:ML Usecase: MLUsecase.REGRESSION
2024-04-07 09:49:05,953:INFO:version 3.3.0
2024-04-07 09:49:05,953:INFO:Initializing setup()
2024-04-07 09:49:05,953:INFO:self.USI: 85a5
2024-04-07 09:49:05,953:INFO:self._variable_keys: {'idx', 'y_test', 'y', 'exp_name_log', 'gpu_param', 'fold_shuffle_param', 'seed', 'transform_target_param', 'log_plots_param', 'data', 'X_train', 'html_param', 'pipeline', 'memory', 'y_train', 'USI', 'logging_param', 'X_test', '_available_plots', 'fold_groups_param', 'exp_id', 'X', 'fold_generator', 'gpu_n_jobs_param', '_ml_usecase', 'target_param', 'n_jobs_param'}
2024-04-07 09:49:05,953:INFO:Checking environment
2024-04-07 09:49:05,953:INFO:python_version: 3.11.5
2024-04-07 09:49:05,953:INFO:python_build: ('main', 'Sep 11 2023 13:26:23')
2024-04-07 09:49:05,953:INFO:machine: AMD64
2024-04-07 09:49:05,953:INFO:platform: Windows-10-10.0.22631-SP0
2024-04-07 09:49:05,953:INFO:Memory: svmem(total=16952647680, available=5867552768, percent=65.4, used=11085094912, free=5867552768)
2024-04-07 09:49:05,953:INFO:Physical Core: 4
2024-04-07 09:49:05,953:INFO:Logical Core: 8
2024-04-07 09:49:05,953:INFO:Checking libraries
2024-04-07 09:49:05,953:INFO:System:
2024-04-07 09:49:05,954:INFO:    python: 3.11.5 | packaged by Anaconda, Inc. | (main, Sep 11 2023, 13:26:23) [MSC v.1916 64 bit (AMD64)]
2024-04-07 09:49:05,954:INFO:executable: C:\Users\Mohamed\anaconda3\python.exe
2024-04-07 09:49:05,954:INFO:   machine: Windows-10-10.0.22631-SP0
2024-04-07 09:49:05,954:INFO:PyCaret required dependencies:
2024-04-07 09:49:06,694:INFO:                 pip: 23.2.1
2024-04-07 09:49:06,694:INFO:          setuptools: 68.0.0
2024-04-07 09:49:06,694:INFO:             pycaret: 3.3.0
2024-04-07 09:49:06,694:INFO:             IPython: 8.23.0
2024-04-07 09:49:06,694:INFO:          ipywidgets: 8.1.2
2024-04-07 09:49:06,694:INFO:                tqdm: 4.65.0
2024-04-07 09:49:06,694:INFO:               numpy: 1.24.4
2024-04-07 09:49:06,694:INFO:              pandas: 2.1.4
2024-04-07 09:49:06,694:INFO:              jinja2: 3.1.3
2024-04-07 09:49:06,694:INFO:               scipy: 1.11.4
2024-04-07 09:49:06,694:INFO:              joblib: 1.2.0
2024-04-07 09:49:06,694:INFO:             sklearn: 1.4.1.post1
2024-04-07 09:49:06,694:INFO:                pyod: 1.1.3
2024-04-07 09:49:06,695:INFO:            imblearn: 0.12.0
2024-04-07 09:49:06,695:INFO:   category_encoders: 2.6.3
2024-04-07 09:49:06,695:INFO:            lightgbm: 4.3.0
2024-04-07 09:49:06,695:INFO:               numba: 0.59.0
2024-04-07 09:49:06,695:INFO:            requests: 2.31.0
2024-04-07 09:49:06,695:INFO:          matplotlib: 3.7.5
2024-04-07 09:49:06,695:INFO:          scikitplot: 0.3.7
2024-04-07 09:49:06,695:INFO:         yellowbrick: 1.5
2024-04-07 09:49:06,695:INFO:              plotly: 5.19.0
2024-04-07 09:49:06,695:INFO:    plotly-resampler: Not installed
2024-04-07 09:49:06,695:INFO:             kaleido: 0.2.1
2024-04-07 09:49:06,695:INFO:           schemdraw: 0.15
2024-04-07 09:49:06,695:INFO:         statsmodels: 0.14.0
2024-04-07 09:49:06,695:INFO:              sktime: 0.27.0
2024-04-07 09:49:06,695:INFO:               tbats: 1.1.3
2024-04-07 09:49:06,695:INFO:            pmdarima: 2.0.4
2024-04-07 09:49:06,695:INFO:              psutil: 5.9.0
2024-04-07 09:49:06,695:INFO:          markupsafe: 2.1.3
2024-04-07 09:49:06,695:INFO:             pickle5: Not installed
2024-04-07 09:49:06,695:INFO:         cloudpickle: 2.2.1
2024-04-07 09:49:06,695:INFO:         deprecation: 2.1.0
2024-04-07 09:49:06,695:INFO:              xxhash: 3.4.1
2024-04-07 09:49:06,695:INFO:           wurlitzer: Not installed
2024-04-07 09:49:06,695:INFO:PyCaret optional dependencies:
2024-04-07 09:49:09,633:INFO:                shap: Not installed
2024-04-07 09:49:09,633:INFO:           interpret: Not installed
2024-04-07 09:49:09,633:INFO:                umap: Not installed
2024-04-07 09:49:09,633:INFO:     ydata_profiling: Not installed
2024-04-07 09:49:09,633:INFO:  explainerdashboard: Not installed
2024-04-07 09:49:09,633:INFO:             autoviz: Not installed
2024-04-07 09:49:09,633:INFO:           fairlearn: Not installed
2024-04-07 09:49:09,633:INFO:          deepchecks: Not installed
2024-04-07 09:49:09,633:INFO:             xgboost: 2.0.3
2024-04-07 09:49:09,633:INFO:            catboost: 1.2.3
2024-04-07 09:49:09,633:INFO:              kmodes: 0.12.2
2024-04-07 09:49:09,633:INFO:             mlxtend: 0.23.1
2024-04-07 09:49:09,633:INFO:       statsforecast: 1.5.0
2024-04-07 09:49:09,633:INFO:        tune_sklearn: Not installed
2024-04-07 09:49:09,633:INFO:                 ray: Not installed
2024-04-07 09:49:09,633:INFO:            hyperopt: Not installed
2024-04-07 09:49:09,633:INFO:              optuna: Not installed
2024-04-07 09:49:09,633:INFO:               skopt: Not installed
2024-04-07 09:49:09,633:INFO:              mlflow: 2.11.1
2024-04-07 09:49:09,633:INFO:              gradio: 4.20.1
2024-04-07 09:49:09,633:INFO:             fastapi: 0.110.0
2024-04-07 09:49:09,633:INFO:             uvicorn: 0.27.1
2024-04-07 09:49:09,633:INFO:              m2cgen: 0.10.0
2024-04-07 09:49:09,633:INFO:           evidently: 0.4.16
2024-04-07 09:49:09,633:INFO:               fugue: 0.8.6
2024-04-07 09:49:09,634:INFO:           streamlit: 1.33.0
2024-04-07 09:49:09,634:INFO:             prophet: Not installed
2024-04-07 09:49:09,634:INFO:None
2024-04-07 09:49:09,634:INFO:Set up data.
2024-04-07 09:49:09,639:INFO:Set up folding strategy.
2024-04-07 09:49:09,639:INFO:Set up train/test split.
2024-04-07 09:49:09,645:INFO:Set up index.
2024-04-07 09:49:09,646:INFO:Assigning column types.
2024-04-07 09:49:09,648:INFO:Engine successfully changes for model 'lr' to 'sklearn'.
2024-04-07 09:49:09,649:INFO:Engine for model 'lasso' has not been set explicitly, hence returning None.
2024-04-07 09:49:09,652:INFO:Engine for model 'ridge' has not been set explicitly, hence returning None.
2024-04-07 09:49:09,655:INFO:Engine for model 'en' has not been set explicitly, hence returning None.
2024-04-07 09:49:09,697:INFO:Engine for model 'svm' has not been set explicitly, hence returning None.
2024-04-07 09:49:09,728:INFO:Engine for model 'knn' has not been set explicitly, hence returning None.
2024-04-07 09:49:09,729:INFO:Soft dependency imported: xgboost: 2.0.3
2024-04-07 09:49:09,731:INFO:Soft dependency imported: catboost: 1.2.3
2024-04-07 09:49:09,821:INFO:Engine for model 'lasso' has not been set explicitly, hence returning None.
2024-04-07 09:49:09,825:INFO:Engine for model 'ridge' has not been set explicitly, hence returning None.
2024-04-07 09:49:09,828:INFO:Engine for model 'en' has not been set explicitly, hence returning None.
2024-04-07 09:49:09,870:INFO:Engine for model 'svm' has not been set explicitly, hence returning None.
2024-04-07 09:49:09,900:INFO:Engine for model 'knn' has not been set explicitly, hence returning None.
2024-04-07 09:49:09,901:INFO:Soft dependency imported: xgboost: 2.0.3
2024-04-07 09:49:09,903:INFO:Soft dependency imported: catboost: 1.2.3
2024-04-07 09:49:09,903:INFO:Engine successfully changes for model 'lasso' to 'sklearn'.
2024-04-07 09:49:09,906:INFO:Engine for model 'ridge' has not been set explicitly, hence returning None.
2024-04-07 09:49:09,909:INFO:Engine for model 'en' has not been set explicitly, hence returning None.
2024-04-07 09:49:09,950:INFO:Engine for model 'svm' has not been set explicitly, hence returning None.
2024-04-07 09:49:09,981:INFO:Engine for model 'knn' has not been set explicitly, hence returning None.
2024-04-07 09:49:09,981:INFO:Soft dependency imported: xgboost: 2.0.3
2024-04-07 09:49:09,983:INFO:Soft dependency imported: catboost: 1.2.3
2024-04-07 09:49:09,987:INFO:Engine for model 'ridge' has not been set explicitly, hence returning None.
2024-04-07 09:49:09,990:INFO:Engine for model 'en' has not been set explicitly, hence returning None.
2024-04-07 09:49:10,031:INFO:Engine for model 'svm' has not been set explicitly, hence returning None.
2024-04-07 09:49:10,062:INFO:Engine for model 'knn' has not been set explicitly, hence returning None.
2024-04-07 09:49:10,063:INFO:Soft dependency imported: xgboost: 2.0.3
2024-04-07 09:49:10,065:INFO:Soft dependency imported: catboost: 1.2.3
2024-04-07 09:49:10,065:INFO:Engine successfully changes for model 'ridge' to 'sklearn'.
2024-04-07 09:49:10,072:INFO:Engine for model 'en' has not been set explicitly, hence returning None.
2024-04-07 09:49:10,112:INFO:Engine for model 'svm' has not been set explicitly, hence returning None.
2024-04-07 09:49:10,143:INFO:Engine for model 'knn' has not been set explicitly, hence returning None.
2024-04-07 09:49:10,143:INFO:Soft dependency imported: xgboost: 2.0.3
2024-04-07 09:49:10,145:INFO:Soft dependency imported: catboost: 1.2.3
2024-04-07 09:49:10,152:INFO:Engine for model 'en' has not been set explicitly, hence returning None.
2024-04-07 09:49:10,191:INFO:Engine for model 'svm' has not been set explicitly, hence returning None.
2024-04-07 09:49:10,222:INFO:Engine for model 'knn' has not been set explicitly, hence returning None.
2024-04-07 09:49:10,223:INFO:Soft dependency imported: xgboost: 2.0.3
2024-04-07 09:49:10,225:INFO:Soft dependency imported: catboost: 1.2.3
2024-04-07 09:49:10,225:INFO:Engine successfully changes for model 'en' to 'sklearn'.
2024-04-07 09:49:10,275:INFO:Engine for model 'svm' has not been set explicitly, hence returning None.
2024-04-07 09:49:10,306:INFO:Engine for model 'knn' has not been set explicitly, hence returning None.
2024-04-07 09:49:10,306:INFO:Soft dependency imported: xgboost: 2.0.3
2024-04-07 09:49:10,308:INFO:Soft dependency imported: catboost: 1.2.3
2024-04-07 09:49:10,355:INFO:Engine for model 'svm' has not been set explicitly, hence returning None.
2024-04-07 09:49:10,387:INFO:Engine for model 'knn' has not been set explicitly, hence returning None.
2024-04-07 09:49:10,388:INFO:Soft dependency imported: xgboost: 2.0.3
2024-04-07 09:49:10,390:INFO:Soft dependency imported: catboost: 1.2.3
2024-04-07 09:49:10,390:INFO:Engine successfully changes for model 'knn' to 'sklearn'.
2024-04-07 09:49:10,437:INFO:Engine for model 'svm' has not been set explicitly, hence returning None.
2024-04-07 09:49:10,468:INFO:Soft dependency imported: xgboost: 2.0.3
2024-04-07 09:49:10,470:INFO:Soft dependency imported: catboost: 1.2.3
2024-04-07 09:49:10,516:INFO:Engine for model 'svm' has not been set explicitly, hence returning None.
2024-04-07 09:49:10,547:INFO:Soft dependency imported: xgboost: 2.0.3
2024-04-07 09:49:10,549:INFO:Soft dependency imported: catboost: 1.2.3
2024-04-07 09:49:10,550:INFO:Engine successfully changes for model 'svm' to 'sklearn'.
2024-04-07 09:49:10,628:INFO:Soft dependency imported: xgboost: 2.0.3
2024-04-07 09:49:10,630:INFO:Soft dependency imported: catboost: 1.2.3
2024-04-07 09:49:10,708:INFO:Soft dependency imported: xgboost: 2.0.3
2024-04-07 09:49:10,710:INFO:Soft dependency imported: catboost: 1.2.3
2024-04-07 09:49:10,714:INFO:Preparing preprocessing pipeline...
2024-04-07 09:49:10,715:INFO:Set up simple imputation.
2024-04-07 09:49:10,717:INFO:Set up encoding of categorical features.
2024-04-07 09:49:10,717:INFO:Set up column name cleaning.
2024-04-07 09:49:10,772:INFO:Finished creating preprocessing pipeline.
2024-04-07 09:49:10,779:INFO:Pipeline: Pipeline(memory=FastMemory(location=C:\Users\Mohamed\AppData\Local\Temp\joblib),
         steps=[('numerical_imputer',
                 TransformerWrapper(include=['Year', 'Genre', 'Votes',
                                             'Director',
                                             'Avg_Rating_by_Actor'],
                                    transformer=SimpleImputer())),
                ('categorical_imputer',
                 TransformerWrapper(include=['Duration in min'],
                                    transformer=SimpleImputer(strategy='most_frequent'))),
                ('rest_encoding',
                 TransformerWrapper(include=['Duration in min'],
                                    transformer=TargetEncoder(cols=['Duration '
                                                                    'in min'],
                                                              handle_missing='return_nan'))),
                ('clean_column_names',
                 TransformerWrapper(transformer=CleanColumnNames()))])
2024-04-07 09:49:10,779:INFO:Creating final display dataframe.
2024-04-07 09:49:10,888:INFO:Setup _display_container:                     Description             Value
0                    Session id              3966
1                        Target            Rating
2                   Target type        Regression
3           Original data shape         (7915, 7)
4        Transformed data shape         (7915, 7)
5   Transformed train set shape         (5540, 7)
6    Transformed test set shape         (2375, 7)
7              Numeric features                 5
8          Categorical features                 1
9                    Preprocess              True
10              Imputation type            simple
11           Numeric imputation              mean
12       Categorical imputation              mode
13     Maximum one-hot encoding                25
14              Encoding method              None
15               Fold Generator             KFold
16                  Fold Number                10
17                     CPU Jobs                -1
18                      Use GPU             False
19               Log Experiment             False
20              Experiment Name  reg-default-name
21                          USI              85a5
2024-04-07 09:49:10,982:INFO:Soft dependency imported: xgboost: 2.0.3
2024-04-07 09:49:10,984:INFO:Soft dependency imported: catboost: 1.2.3
2024-04-07 09:49:11,066:INFO:Soft dependency imported: xgboost: 2.0.3
2024-04-07 09:49:11,068:INFO:Soft dependency imported: catboost: 1.2.3
2024-04-07 09:49:11,069:INFO:setup() successfully completed in 5.15s...............
2024-04-07 09:49:11,069:INFO:Initializing compare_models()
2024-04-07 09:49:11,069:INFO:compare_models(self=<pycaret.regression.oop.RegressionExperiment object at 0x00000229ED4D5750>, include=None, exclude=None, fold=None, round=4, cross_validation=True, sort=R2, n_select=1, budget_time=None, turbo=True, errors=ignore, fit_kwargs=None, groups=None, experiment_custom_tags=None, probability_threshold=None, verbose=True, parallel=None, caller_params={'self': <pycaret.regression.oop.RegressionExperiment object at 0x00000229ED4D5750>, 'include': None, 'exclude': None, 'fold': None, 'round': 4, 'cross_validation': True, 'sort': 'R2', 'n_select': 1, 'budget_time': None, 'turbo': True, 'errors': 'ignore', 'fit_kwargs': None, 'groups': None, 'experiment_custom_tags': None, 'engine': None, 'verbose': True, 'parallel': None, '__class__': <class 'pycaret.regression.oop.RegressionExperiment'>})
2024-04-07 09:49:11,069:INFO:Checking exceptions
2024-04-07 09:49:11,071:INFO:Preparing display monitor
2024-04-07 09:49:11,091:INFO:Initializing Linear Regression
2024-04-07 09:49:11,091:INFO:Total runtime is 0.0 minutes
2024-04-07 09:49:11,094:INFO:SubProcess create_model() called ==================================
2024-04-07 09:49:11,095:INFO:Initializing create_model()
2024-04-07 09:49:11,095:INFO:create_model(self=<pycaret.regression.oop.RegressionExperiment object at 0x00000229ED4D5750>, estimator=lr, fold=KFold(n_splits=10, random_state=None, shuffle=False), round=4, cross_validation=True, predict=True, fit_kwargs={}, groups=None, refit=False, probability_threshold=None, experiment_custom_tags=None, verbose=False, system=False, add_to_model_list=True, metrics=None, display=<pycaret.internal.display.display.CommonDisplay object at 0x00000229E8514390>, model_only=True, return_train_score=False, error_score=0.0, kwargs={})
2024-04-07 09:49:11,096:INFO:Checking exceptions
2024-04-07 09:49:11,096:INFO:Importing libraries
2024-04-07 09:49:11,096:INFO:Copying training dataset
2024-04-07 09:49:11,103:INFO:Defining folds
2024-04-07 09:49:11,104:INFO:Declaring metric variables
2024-04-07 09:49:11,107:INFO:Importing untrained model
2024-04-07 09:49:11,111:INFO:Linear Regression Imported successfully
2024-04-07 09:49:11,117:INFO:Starting cross validation
2024-04-07 09:49:11,125:INFO:Cross validating with KFold(n_splits=10, random_state=None, shuffle=False), n_jobs=-1
2024-04-07 09:49:17,536:INFO:Calculating mean and std
2024-04-07 09:49:17,537:INFO:Creating metrics dataframe
2024-04-07 09:49:17,539:INFO:Uploading results into container
2024-04-07 09:49:17,539:INFO:Uploading model into container now
2024-04-07 09:49:17,539:INFO:_master_model_container: 1
2024-04-07 09:49:17,539:INFO:_display_container: 2
2024-04-07 09:49:17,540:INFO:LinearRegression(n_jobs=-1)
2024-04-07 09:49:17,540:INFO:create_model() successfully completed......................................
2024-04-07 09:49:17,939:INFO:SubProcess create_model() end ==================================
2024-04-07 09:49:17,940:INFO:Creating metrics dataframe
2024-04-07 09:49:17,945:INFO:Initializing Lasso Regression
2024-04-07 09:49:17,945:INFO:Total runtime is 0.11424093246459961 minutes
2024-04-07 09:49:17,947:INFO:SubProcess create_model() called ==================================
2024-04-07 09:49:17,948:INFO:Initializing create_model()
2024-04-07 09:49:17,948:INFO:create_model(self=<pycaret.regression.oop.RegressionExperiment object at 0x00000229ED4D5750>, estimator=lasso, fold=KFold(n_splits=10, random_state=None, shuffle=False), round=4, cross_validation=True, predict=True, fit_kwargs={}, groups=None, refit=False, probability_threshold=None, experiment_custom_tags=None, verbose=False, system=False, add_to_model_list=True, metrics=None, display=<pycaret.internal.display.display.CommonDisplay object at 0x00000229E8514390>, model_only=True, return_train_score=False, error_score=0.0, kwargs={})
2024-04-07 09:49:17,948:INFO:Checking exceptions
2024-04-07 09:49:17,948:INFO:Importing libraries
2024-04-07 09:49:17,948:INFO:Copying training dataset
2024-04-07 09:49:17,953:INFO:Defining folds
2024-04-07 09:49:17,954:INFO:Declaring metric variables
2024-04-07 09:49:17,959:INFO:Importing untrained model
2024-04-07 09:49:17,963:INFO:Lasso Regression Imported successfully
2024-04-07 09:49:17,970:INFO:Starting cross validation
2024-04-07 09:49:17,971:INFO:Cross validating with KFold(n_splits=10, random_state=None, shuffle=False), n_jobs=-1
2024-04-07 09:49:18,187:INFO:Calculating mean and std
2024-04-07 09:49:18,187:INFO:Creating metrics dataframe
2024-04-07 09:49:18,189:INFO:Uploading results into container
2024-04-07 09:49:18,189:INFO:Uploading model into container now
2024-04-07 09:49:18,190:INFO:_master_model_container: 2
2024-04-07 09:49:18,190:INFO:_display_container: 2
2024-04-07 09:49:18,190:INFO:Lasso(random_state=3966)
2024-04-07 09:49:18,190:INFO:create_model() successfully completed......................................
2024-04-07 09:49:18,574:INFO:SubProcess create_model() end ==================================
2024-04-07 09:49:18,574:INFO:Creating metrics dataframe
2024-04-07 09:49:18,579:INFO:Initializing Ridge Regression
2024-04-07 09:49:18,579:INFO:Total runtime is 0.12479965289433798 minutes
2024-04-07 09:49:18,581:INFO:SubProcess create_model() called ==================================
2024-04-07 09:49:18,581:INFO:Initializing create_model()
2024-04-07 09:49:18,582:INFO:create_model(self=<pycaret.regression.oop.RegressionExperiment object at 0x00000229ED4D5750>, estimator=ridge, fold=KFold(n_splits=10, random_state=None, shuffle=False), round=4, cross_validation=True, predict=True, fit_kwargs={}, groups=None, refit=False, probability_threshold=None, experiment_custom_tags=None, verbose=False, system=False, add_to_model_list=True, metrics=None, display=<pycaret.internal.display.display.CommonDisplay object at 0x00000229E8514390>, model_only=True, return_train_score=False, error_score=0.0, kwargs={})
2024-04-07 09:49:18,582:INFO:Checking exceptions
2024-04-07 09:49:18,582:INFO:Importing libraries
2024-04-07 09:49:18,582:INFO:Copying training dataset
2024-04-07 09:49:18,587:INFO:Defining folds
2024-04-07 09:49:18,587:INFO:Declaring metric variables
2024-04-07 09:49:18,591:INFO:Importing untrained model
2024-04-07 09:49:18,596:INFO:Ridge Regression Imported successfully
2024-04-07 09:49:18,603:INFO:Starting cross validation
2024-04-07 09:49:18,604:INFO:Cross validating with KFold(n_splits=10, random_state=None, shuffle=False), n_jobs=-1
2024-04-07 09:49:18,741:INFO:Calculating mean and std
2024-04-07 09:49:18,742:INFO:Creating metrics dataframe
2024-04-07 09:49:18,743:INFO:Uploading results into container
2024-04-07 09:49:18,744:INFO:Uploading model into container now
2024-04-07 09:49:18,744:INFO:_master_model_container: 3
2024-04-07 09:49:18,744:INFO:_display_container: 2
2024-04-07 09:49:18,744:INFO:Ridge(random_state=3966)
2024-04-07 09:49:18,745:INFO:create_model() successfully completed......................................
2024-04-07 09:49:19,126:INFO:SubProcess create_model() end ==================================
2024-04-07 09:49:19,126:INFO:Creating metrics dataframe
2024-04-07 09:49:19,132:INFO:Initializing Elastic Net
2024-04-07 09:49:19,132:INFO:Total runtime is 0.1340258836746216 minutes
2024-04-07 09:49:19,135:INFO:SubProcess create_model() called ==================================
2024-04-07 09:49:19,135:INFO:Initializing create_model()
2024-04-07 09:49:19,135:INFO:create_model(self=<pycaret.regression.oop.RegressionExperiment object at 0x00000229ED4D5750>, estimator=en, fold=KFold(n_splits=10, random_state=None, shuffle=False), round=4, cross_validation=True, predict=True, fit_kwargs={}, groups=None, refit=False, probability_threshold=None, experiment_custom_tags=None, verbose=False, system=False, add_to_model_list=True, metrics=None, display=<pycaret.internal.display.display.CommonDisplay object at 0x00000229E8514390>, model_only=True, return_train_score=False, error_score=0.0, kwargs={})
2024-04-07 09:49:19,135:INFO:Checking exceptions
2024-04-07 09:49:19,135:INFO:Importing libraries
2024-04-07 09:49:19,136:INFO:Copying training dataset
2024-04-07 09:49:19,140:INFO:Defining folds
2024-04-07 09:49:19,140:INFO:Declaring metric variables
2024-04-07 09:49:19,143:INFO:Importing untrained model
2024-04-07 09:49:19,147:INFO:Elastic Net Imported successfully
2024-04-07 09:49:19,155:INFO:Starting cross validation
2024-04-07 09:49:19,156:INFO:Cross validating with KFold(n_splits=10, random_state=None, shuffle=False), n_jobs=-1
2024-04-07 09:49:19,281:INFO:Calculating mean and std
2024-04-07 09:49:19,282:INFO:Creating metrics dataframe
2024-04-07 09:49:19,283:INFO:Uploading results into container
2024-04-07 09:49:19,284:INFO:Uploading model into container now
2024-04-07 09:49:19,284:INFO:_master_model_container: 4
2024-04-07 09:49:19,284:INFO:_display_container: 2
2024-04-07 09:49:19,284:INFO:ElasticNet(random_state=3966)
2024-04-07 09:49:19,284:INFO:create_model() successfully completed......................................
2024-04-07 09:49:19,666:INFO:SubProcess create_model() end ==================================
2024-04-07 09:49:19,666:INFO:Creating metrics dataframe
2024-04-07 09:49:19,672:INFO:Initializing Least Angle Regression
2024-04-07 09:49:19,673:INFO:Total runtime is 0.14302309751510622 minutes
2024-04-07 09:49:19,675:INFO:SubProcess create_model() called ==================================
2024-04-07 09:49:19,676:INFO:Initializing create_model()
2024-04-07 09:49:19,676:INFO:create_model(self=<pycaret.regression.oop.RegressionExperiment object at 0x00000229ED4D5750>, estimator=lar, fold=KFold(n_splits=10, random_state=None, shuffle=False), round=4, cross_validation=True, predict=True, fit_kwargs={}, groups=None, refit=False, probability_threshold=None, experiment_custom_tags=None, verbose=False, system=False, add_to_model_list=True, metrics=None, display=<pycaret.internal.display.display.CommonDisplay object at 0x00000229E8514390>, model_only=True, return_train_score=False, error_score=0.0, kwargs={})
2024-04-07 09:49:19,676:INFO:Checking exceptions
2024-04-07 09:49:19,676:INFO:Importing libraries
2024-04-07 09:49:19,676:INFO:Copying training dataset
2024-04-07 09:49:19,680:INFO:Defining folds
2024-04-07 09:49:19,680:INFO:Declaring metric variables
2024-04-07 09:49:19,683:INFO:Importing untrained model
2024-04-07 09:49:19,687:INFO:Least Angle Regression Imported successfully
2024-04-07 09:49:19,694:INFO:Starting cross validation
2024-04-07 09:49:19,695:INFO:Cross validating with KFold(n_splits=10, random_state=None, shuffle=False), n_jobs=-1
2024-04-07 09:49:19,829:INFO:Calculating mean and std
2024-04-07 09:49:19,830:INFO:Creating metrics dataframe
2024-04-07 09:49:19,831:INFO:Uploading results into container
2024-04-07 09:49:19,831:INFO:Uploading model into container now
2024-04-07 09:49:19,831:INFO:_master_model_container: 5
2024-04-07 09:49:19,832:INFO:_display_container: 2
2024-04-07 09:49:19,832:INFO:Lars(random_state=3966)
2024-04-07 09:49:19,832:INFO:create_model() successfully completed......................................
2024-04-07 09:49:20,305:INFO:SubProcess create_model() end ==================================
2024-04-07 09:49:20,305:INFO:Creating metrics dataframe
2024-04-07 09:49:20,313:INFO:Initializing Lasso Least Angle Regression
2024-04-07 09:49:20,313:INFO:Total runtime is 0.15370163520177207 minutes
2024-04-07 09:49:20,316:INFO:SubProcess create_model() called ==================================
2024-04-07 09:49:20,316:INFO:Initializing create_model()
2024-04-07 09:49:20,316:INFO:create_model(self=<pycaret.regression.oop.RegressionExperiment object at 0x00000229ED4D5750>, estimator=llar, fold=KFold(n_splits=10, random_state=None, shuffle=False), round=4, cross_validation=True, predict=True, fit_kwargs={}, groups=None, refit=False, probability_threshold=None, experiment_custom_tags=None, verbose=False, system=False, add_to_model_list=True, metrics=None, display=<pycaret.internal.display.display.CommonDisplay object at 0x00000229E8514390>, model_only=True, return_train_score=False, error_score=0.0, kwargs={})
2024-04-07 09:49:20,316:INFO:Checking exceptions
2024-04-07 09:49:20,317:INFO:Importing libraries
2024-04-07 09:49:20,317:INFO:Copying training dataset
2024-04-07 09:49:20,324:INFO:Defining folds
2024-04-07 09:49:20,324:INFO:Declaring metric variables
2024-04-07 09:49:20,329:INFO:Importing untrained model
2024-04-07 09:49:20,332:INFO:Lasso Least Angle Regression Imported successfully
2024-04-07 09:49:20,341:INFO:Starting cross validation
2024-04-07 09:49:20,342:INFO:Cross validating with KFold(n_splits=10, random_state=None, shuffle=False), n_jobs=-1
2024-04-07 09:49:20,486:INFO:Calculating mean and std
2024-04-07 09:49:20,487:INFO:Creating metrics dataframe
2024-04-07 09:49:20,488:INFO:Uploading results into container
2024-04-07 09:49:20,488:INFO:Uploading model into container now
2024-04-07 09:49:20,489:INFO:_master_model_container: 6
2024-04-07 09:49:20,489:INFO:_display_container: 2
2024-04-07 09:49:20,489:INFO:LassoLars(random_state=3966)
2024-04-07 09:49:20,489:INFO:create_model() successfully completed......................................
2024-04-07 09:49:20,922:INFO:SubProcess create_model() end ==================================
2024-04-07 09:49:20,922:INFO:Creating metrics dataframe
2024-04-07 09:49:20,929:INFO:Initializing Orthogonal Matching Pursuit
2024-04-07 09:49:20,929:INFO:Total runtime is 0.1639807979265849 minutes
2024-04-07 09:49:20,932:INFO:SubProcess create_model() called ==================================
2024-04-07 09:49:20,932:INFO:Initializing create_model()
2024-04-07 09:49:20,933:INFO:create_model(self=<pycaret.regression.oop.RegressionExperiment object at 0x00000229ED4D5750>, estimator=omp, fold=KFold(n_splits=10, random_state=None, shuffle=False), round=4, cross_validation=True, predict=True, fit_kwargs={}, groups=None, refit=False, probability_threshold=None, experiment_custom_tags=None, verbose=False, system=False, add_to_model_list=True, metrics=None, display=<pycaret.internal.display.display.CommonDisplay object at 0x00000229E8514390>, model_only=True, return_train_score=False, error_score=0.0, kwargs={})
2024-04-07 09:49:20,933:INFO:Checking exceptions
2024-04-07 09:49:20,933:INFO:Importing libraries
2024-04-07 09:49:20,933:INFO:Copying training dataset
2024-04-07 09:49:20,939:INFO:Defining folds
2024-04-07 09:49:20,939:INFO:Declaring metric variables
2024-04-07 09:49:20,943:INFO:Importing untrained model
2024-04-07 09:49:20,946:INFO:Orthogonal Matching Pursuit Imported successfully
2024-04-07 09:49:20,954:INFO:Starting cross validation
2024-04-07 09:49:20,955:INFO:Cross validating with KFold(n_splits=10, random_state=None, shuffle=False), n_jobs=-1
2024-04-07 09:49:21,091:INFO:Calculating mean and std
2024-04-07 09:49:21,092:INFO:Creating metrics dataframe
2024-04-07 09:49:21,093:INFO:Uploading results into container
2024-04-07 09:49:21,093:INFO:Uploading model into container now
2024-04-07 09:49:21,094:INFO:_master_model_container: 7
2024-04-07 09:49:21,094:INFO:_display_container: 2
2024-04-07 09:49:21,094:INFO:OrthogonalMatchingPursuit()
2024-04-07 09:49:21,094:INFO:create_model() successfully completed......................................
2024-04-07 09:49:21,474:INFO:SubProcess create_model() end ==================================
2024-04-07 09:49:21,475:INFO:Creating metrics dataframe
2024-04-07 09:49:21,482:INFO:Initializing Bayesian Ridge
2024-04-07 09:49:21,482:INFO:Total runtime is 0.1731855909029643 minutes
2024-04-07 09:49:21,485:INFO:SubProcess create_model() called ==================================
2024-04-07 09:49:21,485:INFO:Initializing create_model()
2024-04-07 09:49:21,485:INFO:create_model(self=<pycaret.regression.oop.RegressionExperiment object at 0x00000229ED4D5750>, estimator=br, fold=KFold(n_splits=10, random_state=None, shuffle=False), round=4, cross_validation=True, predict=True, fit_kwargs={}, groups=None, refit=False, probability_threshold=None, experiment_custom_tags=None, verbose=False, system=False, add_to_model_list=True, metrics=None, display=<pycaret.internal.display.display.CommonDisplay object at 0x00000229E8514390>, model_only=True, return_train_score=False, error_score=0.0, kwargs={})
2024-04-07 09:49:21,485:INFO:Checking exceptions
2024-04-07 09:49:21,485:INFO:Importing libraries
2024-04-07 09:49:21,486:INFO:Copying training dataset
2024-04-07 09:49:21,489:INFO:Defining folds
2024-04-07 09:49:21,490:INFO:Declaring metric variables
2024-04-07 09:49:21,493:INFO:Importing untrained model
2024-04-07 09:49:21,497:INFO:Bayesian Ridge Imported successfully
2024-04-07 09:49:21,505:INFO:Starting cross validation
2024-04-07 09:49:21,506:INFO:Cross validating with KFold(n_splits=10, random_state=None, shuffle=False), n_jobs=-1
2024-04-07 09:49:21,646:INFO:Calculating mean and std
2024-04-07 09:49:21,647:INFO:Creating metrics dataframe
2024-04-07 09:49:21,648:INFO:Uploading results into container
2024-04-07 09:49:21,648:INFO:Uploading model into container now
2024-04-07 09:49:21,648:INFO:_master_model_container: 8
2024-04-07 09:49:21,649:INFO:_display_container: 2
2024-04-07 09:49:21,649:INFO:BayesianRidge()
2024-04-07 09:49:21,649:INFO:create_model() successfully completed......................................
2024-04-07 09:49:22,034:INFO:SubProcess create_model() end ==================================
2024-04-07 09:49:22,034:INFO:Creating metrics dataframe
2024-04-07 09:49:22,040:INFO:Initializing Passive Aggressive Regressor
2024-04-07 09:49:22,040:INFO:Total runtime is 0.18248494466145834 minutes
2024-04-07 09:49:22,044:INFO:SubProcess create_model() called ==================================
2024-04-07 09:49:22,044:INFO:Initializing create_model()
2024-04-07 09:49:22,044:INFO:create_model(self=<pycaret.regression.oop.RegressionExperiment object at 0x00000229ED4D5750>, estimator=par, fold=KFold(n_splits=10, random_state=None, shuffle=False), round=4, cross_validation=True, predict=True, fit_kwargs={}, groups=None, refit=False, probability_threshold=None, experiment_custom_tags=None, verbose=False, system=False, add_to_model_list=True, metrics=None, display=<pycaret.internal.display.display.CommonDisplay object at 0x00000229E8514390>, model_only=True, return_train_score=False, error_score=0.0, kwargs={})
2024-04-07 09:49:22,044:INFO:Checking exceptions
2024-04-07 09:49:22,044:INFO:Importing libraries
2024-04-07 09:49:22,045:INFO:Copying training dataset
2024-04-07 09:49:22,049:INFO:Defining folds
2024-04-07 09:49:22,049:INFO:Declaring metric variables
2024-04-07 09:49:22,053:INFO:Importing untrained model
2024-04-07 09:49:22,056:INFO:Passive Aggressive Regressor Imported successfully
2024-04-07 09:49:22,065:INFO:Starting cross validation
2024-04-07 09:49:22,067:INFO:Cross validating with KFold(n_splits=10, random_state=None, shuffle=False), n_jobs=-1
2024-04-07 09:49:22,204:INFO:Calculating mean and std
2024-04-07 09:49:22,205:INFO:Creating metrics dataframe
2024-04-07 09:49:22,207:INFO:Uploading results into container
2024-04-07 09:49:22,207:INFO:Uploading model into container now
2024-04-07 09:49:22,207:INFO:_master_model_container: 9
2024-04-07 09:49:22,207:INFO:_display_container: 2
2024-04-07 09:49:22,208:INFO:PassiveAggressiveRegressor(random_state=3966)
2024-04-07 09:49:22,208:INFO:create_model() successfully completed......................................
2024-04-07 09:49:22,589:INFO:SubProcess create_model() end ==================================
2024-04-07 09:49:22,589:INFO:Creating metrics dataframe
2024-04-07 09:49:22,594:INFO:Initializing Huber Regressor
2024-04-07 09:49:22,594:INFO:Total runtime is 0.1917314887046814 minutes
2024-04-07 09:49:22,597:INFO:SubProcess create_model() called ==================================
2024-04-07 09:49:22,597:INFO:Initializing create_model()
2024-04-07 09:49:22,598:INFO:create_model(self=<pycaret.regression.oop.RegressionExperiment object at 0x00000229ED4D5750>, estimator=huber, fold=KFold(n_splits=10, random_state=None, shuffle=False), round=4, cross_validation=True, predict=True, fit_kwargs={}, groups=None, refit=False, probability_threshold=None, experiment_custom_tags=None, verbose=False, system=False, add_to_model_list=True, metrics=None, display=<pycaret.internal.display.display.CommonDisplay object at 0x00000229E8514390>, model_only=True, return_train_score=False, error_score=0.0, kwargs={})
2024-04-07 09:49:22,598:INFO:Checking exceptions
2024-04-07 09:49:22,598:INFO:Importing libraries
2024-04-07 09:49:22,598:INFO:Copying training dataset
2024-04-07 09:49:22,603:INFO:Defining folds
2024-04-07 09:49:22,603:INFO:Declaring metric variables
2024-04-07 09:49:22,606:INFO:Importing untrained model
2024-04-07 09:49:22,610:INFO:Huber Regressor Imported successfully
2024-04-07 09:49:22,617:INFO:Starting cross validation
2024-04-07 09:49:22,618:INFO:Cross validating with KFold(n_splits=10, random_state=None, shuffle=False), n_jobs=-1
2024-04-07 09:49:22,798:INFO:Calculating mean and std
2024-04-07 09:49:22,799:INFO:Creating metrics dataframe
2024-04-07 09:49:22,800:INFO:Uploading results into container
2024-04-07 09:49:22,800:INFO:Uploading model into container now
2024-04-07 09:49:22,801:INFO:_master_model_container: 10
2024-04-07 09:49:22,801:INFO:_display_container: 2
2024-04-07 09:49:22,801:INFO:HuberRegressor()
2024-04-07 09:49:22,801:INFO:create_model() successfully completed......................................
2024-04-07 09:49:23,189:INFO:SubProcess create_model() end ==================================
2024-04-07 09:49:23,189:INFO:Creating metrics dataframe
2024-04-07 09:49:23,195:INFO:Initializing K Neighbors Regressor
2024-04-07 09:49:23,195:INFO:Total runtime is 0.2017480254173279 minutes
2024-04-07 09:49:23,199:INFO:SubProcess create_model() called ==================================
2024-04-07 09:49:23,199:INFO:Initializing create_model()
2024-04-07 09:49:23,199:INFO:create_model(self=<pycaret.regression.oop.RegressionExperiment object at 0x00000229ED4D5750>, estimator=knn, fold=KFold(n_splits=10, random_state=None, shuffle=False), round=4, cross_validation=True, predict=True, fit_kwargs={}, groups=None, refit=False, probability_threshold=None, experiment_custom_tags=None, verbose=False, system=False, add_to_model_list=True, metrics=None, display=<pycaret.internal.display.display.CommonDisplay object at 0x00000229E8514390>, model_only=True, return_train_score=False, error_score=0.0, kwargs={})
2024-04-07 09:49:23,199:INFO:Checking exceptions
2024-04-07 09:49:23,199:INFO:Importing libraries
2024-04-07 09:49:23,199:INFO:Copying training dataset
2024-04-07 09:49:23,205:INFO:Defining folds
2024-04-07 09:49:23,205:INFO:Declaring metric variables
2024-04-07 09:49:23,208:INFO:Importing untrained model
2024-04-07 09:49:23,213:INFO:K Neighbors Regressor Imported successfully
2024-04-07 09:49:23,220:INFO:Starting cross validation
2024-04-07 09:49:23,221:INFO:Cross validating with KFold(n_splits=10, random_state=None, shuffle=False), n_jobs=-1
2024-04-07 09:49:23,388:INFO:Calculating mean and std
2024-04-07 09:49:23,389:INFO:Creating metrics dataframe
2024-04-07 09:49:23,390:INFO:Uploading results into container
2024-04-07 09:49:23,390:INFO:Uploading model into container now
2024-04-07 09:49:23,391:INFO:_master_model_container: 11
2024-04-07 09:49:23,391:INFO:_display_container: 2
2024-04-07 09:49:23,391:INFO:KNeighborsRegressor(n_jobs=-1)
2024-04-07 09:49:23,392:INFO:create_model() successfully completed......................................
2024-04-07 09:49:23,772:INFO:SubProcess create_model() end ==================================
2024-04-07 09:49:23,772:INFO:Creating metrics dataframe
2024-04-07 09:49:23,779:INFO:Initializing Decision Tree Regressor
2024-04-07 09:49:23,779:INFO:Total runtime is 0.2114790201187134 minutes
2024-04-07 09:49:23,782:INFO:SubProcess create_model() called ==================================
2024-04-07 09:49:23,782:INFO:Initializing create_model()
2024-04-07 09:49:23,782:INFO:create_model(self=<pycaret.regression.oop.RegressionExperiment object at 0x00000229ED4D5750>, estimator=dt, fold=KFold(n_splits=10, random_state=None, shuffle=False), round=4, cross_validation=True, predict=True, fit_kwargs={}, groups=None, refit=False, probability_threshold=None, experiment_custom_tags=None, verbose=False, system=False, add_to_model_list=True, metrics=None, display=<pycaret.internal.display.display.CommonDisplay object at 0x00000229E8514390>, model_only=True, return_train_score=False, error_score=0.0, kwargs={})
2024-04-07 09:49:23,782:INFO:Checking exceptions
2024-04-07 09:49:23,783:INFO:Importing libraries
2024-04-07 09:49:23,783:INFO:Copying training dataset
2024-04-07 09:49:23,787:INFO:Defining folds
2024-04-07 09:49:23,787:INFO:Declaring metric variables
2024-04-07 09:49:23,789:INFO:Importing untrained model
2024-04-07 09:49:23,793:INFO:Decision Tree Regressor Imported successfully
2024-04-07 09:49:23,800:INFO:Starting cross validation
2024-04-07 09:49:23,801:INFO:Cross validating with KFold(n_splits=10, random_state=None, shuffle=False), n_jobs=-1
2024-04-07 09:49:23,997:INFO:Calculating mean and std
2024-04-07 09:49:23,997:INFO:Creating metrics dataframe
2024-04-07 09:49:23,999:INFO:Uploading results into container
2024-04-07 09:49:24,000:INFO:Uploading model into container now
2024-04-07 09:49:24,000:INFO:_master_model_container: 12
2024-04-07 09:49:24,000:INFO:_display_container: 2
2024-04-07 09:49:24,001:INFO:DecisionTreeRegressor(random_state=3966)
2024-04-07 09:49:24,001:INFO:create_model() successfully completed......................................
2024-04-07 09:49:24,381:INFO:SubProcess create_model() end ==================================
2024-04-07 09:49:24,381:INFO:Creating metrics dataframe
2024-04-07 09:49:24,387:INFO:Initializing Random Forest Regressor
2024-04-07 09:49:24,387:INFO:Total runtime is 0.22161492904027305 minutes
2024-04-07 09:49:24,390:INFO:SubProcess create_model() called ==================================
2024-04-07 09:49:24,390:INFO:Initializing create_model()
2024-04-07 09:49:24,390:INFO:create_model(self=<pycaret.regression.oop.RegressionExperiment object at 0x00000229ED4D5750>, estimator=rf, fold=KFold(n_splits=10, random_state=None, shuffle=False), round=4, cross_validation=True, predict=True, fit_kwargs={}, groups=None, refit=False, probability_threshold=None, experiment_custom_tags=None, verbose=False, system=False, add_to_model_list=True, metrics=None, display=<pycaret.internal.display.display.CommonDisplay object at 0x00000229E8514390>, model_only=True, return_train_score=False, error_score=0.0, kwargs={})
2024-04-07 09:49:24,390:INFO:Checking exceptions
2024-04-07 09:49:24,390:INFO:Importing libraries
2024-04-07 09:49:24,390:INFO:Copying training dataset
2024-04-07 09:49:24,395:INFO:Defining folds
2024-04-07 09:49:24,395:INFO:Declaring metric variables
2024-04-07 09:49:24,398:INFO:Importing untrained model
2024-04-07 09:49:24,401:INFO:Random Forest Regressor Imported successfully
2024-04-07 09:49:24,408:INFO:Starting cross validation
2024-04-07 09:49:24,410:INFO:Cross validating with KFold(n_splits=10, random_state=None, shuffle=False), n_jobs=-1
2024-04-07 09:49:28,085:INFO:Calculating mean and std
2024-04-07 09:49:28,086:INFO:Creating metrics dataframe
2024-04-07 09:49:28,088:INFO:Uploading results into container
2024-04-07 09:49:28,088:INFO:Uploading model into container now
2024-04-07 09:49:28,089:INFO:_master_model_container: 13
2024-04-07 09:49:28,089:INFO:_display_container: 2
2024-04-07 09:49:28,089:INFO:RandomForestRegressor(n_jobs=-1, random_state=3966)
2024-04-07 09:49:28,089:INFO:create_model() successfully completed......................................
2024-04-07 09:49:28,501:INFO:SubProcess create_model() end ==================================
2024-04-07 09:49:28,501:INFO:Creating metrics dataframe
2024-04-07 09:49:28,508:INFO:Initializing Extra Trees Regressor
2024-04-07 09:49:28,508:INFO:Total runtime is 0.2902962764104208 minutes
2024-04-07 09:49:28,510:INFO:SubProcess create_model() called ==================================
2024-04-07 09:49:28,511:INFO:Initializing create_model()
2024-04-07 09:49:28,511:INFO:create_model(self=<pycaret.regression.oop.RegressionExperiment object at 0x00000229ED4D5750>, estimator=et, fold=KFold(n_splits=10, random_state=None, shuffle=False), round=4, cross_validation=True, predict=True, fit_kwargs={}, groups=None, refit=False, probability_threshold=None, experiment_custom_tags=None, verbose=False, system=False, add_to_model_list=True, metrics=None, display=<pycaret.internal.display.display.CommonDisplay object at 0x00000229E8514390>, model_only=True, return_train_score=False, error_score=0.0, kwargs={})
2024-04-07 09:49:28,511:INFO:Checking exceptions
2024-04-07 09:49:28,511:INFO:Importing libraries
2024-04-07 09:49:28,511:INFO:Copying training dataset
2024-04-07 09:49:28,515:INFO:Defining folds
2024-04-07 09:49:28,516:INFO:Declaring metric variables
2024-04-07 09:49:28,519:INFO:Importing untrained model
2024-04-07 09:49:28,522:INFO:Extra Trees Regressor Imported successfully
2024-04-07 09:49:28,528:INFO:Starting cross validation
2024-04-07 09:49:28,529:INFO:Cross validating with KFold(n_splits=10, random_state=None, shuffle=False), n_jobs=-1
2024-04-07 09:49:30,576:INFO:Calculating mean and std
2024-04-07 09:49:30,577:INFO:Creating metrics dataframe
2024-04-07 09:49:30,579:INFO:Uploading results into container
2024-04-07 09:49:30,579:INFO:Uploading model into container now
2024-04-07 09:49:30,579:INFO:_master_model_container: 14
2024-04-07 09:49:30,579:INFO:_display_container: 2
2024-04-07 09:49:30,580:INFO:ExtraTreesRegressor(n_jobs=-1, random_state=3966)
2024-04-07 09:49:30,580:INFO:create_model() successfully completed......................................
2024-04-07 09:49:31,054:INFO:SubProcess create_model() end ==================================
2024-04-07 09:49:31,054:INFO:Creating metrics dataframe
2024-04-07 09:49:31,062:INFO:Initializing AdaBoost Regressor
2024-04-07 09:49:31,063:INFO:Total runtime is 0.3328804651896159 minutes
2024-04-07 09:49:31,065:INFO:SubProcess create_model() called ==================================
2024-04-07 09:49:31,066:INFO:Initializing create_model()
2024-04-07 09:49:31,066:INFO:create_model(self=<pycaret.regression.oop.RegressionExperiment object at 0x00000229ED4D5750>, estimator=ada, fold=KFold(n_splits=10, random_state=None, shuffle=False), round=4, cross_validation=True, predict=True, fit_kwargs={}, groups=None, refit=False, probability_threshold=None, experiment_custom_tags=None, verbose=False, system=False, add_to_model_list=True, metrics=None, display=<pycaret.internal.display.display.CommonDisplay object at 0x00000229E8514390>, model_only=True, return_train_score=False, error_score=0.0, kwargs={})
2024-04-07 09:49:31,066:INFO:Checking exceptions
2024-04-07 09:49:31,066:INFO:Importing libraries
2024-04-07 09:49:31,066:INFO:Copying training dataset
2024-04-07 09:49:31,071:INFO:Defining folds
2024-04-07 09:49:31,072:INFO:Declaring metric variables
2024-04-07 09:49:31,075:INFO:Importing untrained model
2024-04-07 09:49:31,079:INFO:AdaBoost Regressor Imported successfully
2024-04-07 09:49:31,087:INFO:Starting cross validation
2024-04-07 09:49:31,089:INFO:Cross validating with KFold(n_splits=10, random_state=None, shuffle=False), n_jobs=-1
2024-04-07 09:49:31,563:INFO:Calculating mean and std
2024-04-07 09:49:31,564:INFO:Creating metrics dataframe
2024-04-07 09:49:31,565:INFO:Uploading results into container
2024-04-07 09:49:31,565:INFO:Uploading model into container now
2024-04-07 09:49:31,565:INFO:_master_model_container: 15
2024-04-07 09:49:31,565:INFO:_display_container: 2
2024-04-07 09:49:31,566:INFO:AdaBoostRegressor(random_state=3966)
2024-04-07 09:49:31,566:INFO:create_model() successfully completed......................................
2024-04-07 09:49:31,943:INFO:SubProcess create_model() end ==================================
2024-04-07 09:49:31,943:INFO:Creating metrics dataframe
2024-04-07 09:49:31,952:INFO:Initializing Gradient Boosting Regressor
2024-04-07 09:49:31,952:INFO:Total runtime is 0.3476855516433716 minutes
2024-04-07 09:49:31,955:INFO:SubProcess create_model() called ==================================
2024-04-07 09:49:31,956:INFO:Initializing create_model()
2024-04-07 09:49:31,956:INFO:create_model(self=<pycaret.regression.oop.RegressionExperiment object at 0x00000229ED4D5750>, estimator=gbr, fold=KFold(n_splits=10, random_state=None, shuffle=False), round=4, cross_validation=True, predict=True, fit_kwargs={}, groups=None, refit=False, probability_threshold=None, experiment_custom_tags=None, verbose=False, system=False, add_to_model_list=True, metrics=None, display=<pycaret.internal.display.display.CommonDisplay object at 0x00000229E8514390>, model_only=True, return_train_score=False, error_score=0.0, kwargs={})
2024-04-07 09:49:31,956:INFO:Checking exceptions
2024-04-07 09:49:31,956:INFO:Importing libraries
2024-04-07 09:49:31,956:INFO:Copying training dataset
2024-04-07 09:49:31,960:INFO:Defining folds
2024-04-07 09:49:31,960:INFO:Declaring metric variables
2024-04-07 09:49:31,963:INFO:Importing untrained model
2024-04-07 09:49:31,968:INFO:Gradient Boosting Regressor Imported successfully
2024-04-07 09:49:31,976:INFO:Starting cross validation
2024-04-07 09:49:31,977:INFO:Cross validating with KFold(n_splits=10, random_state=None, shuffle=False), n_jobs=-1
2024-04-07 09:49:33,112:INFO:Calculating mean and std
2024-04-07 09:49:33,113:INFO:Creating metrics dataframe
2024-04-07 09:49:33,114:INFO:Uploading results into container
2024-04-07 09:49:33,114:INFO:Uploading model into container now
2024-04-07 09:49:33,115:INFO:_master_model_container: 16
2024-04-07 09:49:33,115:INFO:_display_container: 2
2024-04-07 09:49:33,115:INFO:GradientBoostingRegressor(random_state=3966)
2024-04-07 09:49:33,115:INFO:create_model() successfully completed......................................
2024-04-07 09:49:33,507:INFO:SubProcess create_model() end ==================================
2024-04-07 09:49:33,507:INFO:Creating metrics dataframe
2024-04-07 09:49:33,515:INFO:Initializing Extreme Gradient Boosting
2024-04-07 09:49:33,515:INFO:Total runtime is 0.3737333695093791 minutes
2024-04-07 09:49:33,519:INFO:SubProcess create_model() called ==================================
2024-04-07 09:49:33,520:INFO:Initializing create_model()
2024-04-07 09:49:33,520:INFO:create_model(self=<pycaret.regression.oop.RegressionExperiment object at 0x00000229ED4D5750>, estimator=xgboost, fold=KFold(n_splits=10, random_state=None, shuffle=False), round=4, cross_validation=True, predict=True, fit_kwargs={}, groups=None, refit=False, probability_threshold=None, experiment_custom_tags=None, verbose=False, system=False, add_to_model_list=True, metrics=None, display=<pycaret.internal.display.display.CommonDisplay object at 0x00000229E8514390>, model_only=True, return_train_score=False, error_score=0.0, kwargs={})
2024-04-07 09:49:33,520:INFO:Checking exceptions
2024-04-07 09:49:33,520:INFO:Importing libraries
2024-04-07 09:49:33,520:INFO:Copying training dataset
2024-04-07 09:49:33,525:INFO:Defining folds
2024-04-07 09:49:33,525:INFO:Declaring metric variables
2024-04-07 09:49:33,529:INFO:Importing untrained model
2024-04-07 09:49:33,533:INFO:Extreme Gradient Boosting Imported successfully
2024-04-07 09:49:33,540:INFO:Starting cross validation
2024-04-07 09:49:33,542:INFO:Cross validating with KFold(n_splits=10, random_state=None, shuffle=False), n_jobs=-1
2024-04-07 09:49:34,164:INFO:Calculating mean and std
2024-04-07 09:49:34,165:INFO:Creating metrics dataframe
2024-04-07 09:49:34,166:INFO:Uploading results into container
2024-04-07 09:49:34,167:INFO:Uploading model into container now
2024-04-07 09:49:34,167:INFO:_master_model_container: 17
2024-04-07 09:49:34,167:INFO:_display_container: 2
2024-04-07 09:49:34,168:INFO:XGBRegressor(base_score=None, booster='gbtree', callbacks=None,
             colsample_bylevel=None, colsample_bynode=None,
             colsample_bytree=None, device='cpu', early_stopping_rounds=None,
             enable_categorical=False, eval_metric=None, feature_types=None,
             gamma=None, grow_policy=None, importance_type=None,
             interaction_constraints=None, learning_rate=None, max_bin=None,
             max_cat_threshold=None, max_cat_to_onehot=None,
             max_delta_step=None, max_depth=None, max_leaves=None,
             min_child_weight=None, missing=nan, monotone_constraints=None,
             multi_strategy=None, n_estimators=None, n_jobs=-1,
             num_parallel_tree=None, random_state=3966, ...)
2024-04-07 09:49:34,168:INFO:create_model() successfully completed......................................
2024-04-07 09:49:34,551:INFO:SubProcess create_model() end ==================================
2024-04-07 09:49:34,551:INFO:Creating metrics dataframe
2024-04-07 09:49:34,560:INFO:Initializing Light Gradient Boosting Machine
2024-04-07 09:49:34,560:INFO:Total runtime is 0.39115765889485676 minutes
2024-04-07 09:49:34,563:INFO:SubProcess create_model() called ==================================
2024-04-07 09:49:34,563:INFO:Initializing create_model()
2024-04-07 09:49:34,563:INFO:create_model(self=<pycaret.regression.oop.RegressionExperiment object at 0x00000229ED4D5750>, estimator=lightgbm, fold=KFold(n_splits=10, random_state=None, shuffle=False), round=4, cross_validation=True, predict=True, fit_kwargs={}, groups=None, refit=False, probability_threshold=None, experiment_custom_tags=None, verbose=False, system=False, add_to_model_list=True, metrics=None, display=<pycaret.internal.display.display.CommonDisplay object at 0x00000229E8514390>, model_only=True, return_train_score=False, error_score=0.0, kwargs={})
2024-04-07 09:49:34,564:INFO:Checking exceptions
2024-04-07 09:49:34,564:INFO:Importing libraries
2024-04-07 09:49:34,564:INFO:Copying training dataset
2024-04-07 09:49:34,568:INFO:Defining folds
2024-04-07 09:49:34,568:INFO:Declaring metric variables
2024-04-07 09:49:34,571:INFO:Importing untrained model
2024-04-07 09:49:34,606:INFO:Light Gradient Boosting Machine Imported successfully
2024-04-07 09:49:34,625:INFO:Starting cross validation
2024-04-07 09:49:34,626:INFO:Cross validating with KFold(n_splits=10, random_state=None, shuffle=False), n_jobs=-1
2024-04-07 09:49:35,536:INFO:Calculating mean and std
2024-04-07 09:49:35,538:INFO:Creating metrics dataframe
2024-04-07 09:49:35,539:INFO:Uploading results into container
2024-04-07 09:49:35,540:INFO:Uploading model into container now
2024-04-07 09:49:35,541:INFO:_master_model_container: 18
2024-04-07 09:49:35,541:INFO:_display_container: 2
2024-04-07 09:49:35,541:INFO:LGBMRegressor(n_jobs=-1, random_state=3966)
2024-04-07 09:49:35,541:INFO:create_model() successfully completed......................................
2024-04-07 09:49:35,949:INFO:SubProcess create_model() end ==================================
2024-04-07 09:49:35,949:INFO:Creating metrics dataframe
2024-04-07 09:49:35,958:INFO:Initializing CatBoost Regressor
2024-04-07 09:49:35,959:INFO:Total runtime is 0.4144713560740153 minutes
2024-04-07 09:49:35,961:INFO:SubProcess create_model() called ==================================
2024-04-07 09:49:35,961:INFO:Initializing create_model()
2024-04-07 09:49:35,962:INFO:create_model(self=<pycaret.regression.oop.RegressionExperiment object at 0x00000229ED4D5750>, estimator=catboost, fold=KFold(n_splits=10, random_state=None, shuffle=False), round=4, cross_validation=True, predict=True, fit_kwargs={}, groups=None, refit=False, probability_threshold=None, experiment_custom_tags=None, verbose=False, system=False, add_to_model_list=True, metrics=None, display=<pycaret.internal.display.display.CommonDisplay object at 0x00000229E8514390>, model_only=True, return_train_score=False, error_score=0.0, kwargs={})
2024-04-07 09:49:35,962:INFO:Checking exceptions
2024-04-07 09:49:35,962:INFO:Importing libraries
2024-04-07 09:49:35,962:INFO:Copying training dataset
2024-04-07 09:49:35,966:INFO:Defining folds
2024-04-07 09:49:35,966:INFO:Declaring metric variables
2024-04-07 09:49:35,969:INFO:Importing untrained model
2024-04-07 09:49:35,977:INFO:CatBoost Regressor Imported successfully
2024-04-07 09:49:35,985:INFO:Starting cross validation
2024-04-07 09:49:35,986:INFO:Cross validating with KFold(n_splits=10, random_state=None, shuffle=False), n_jobs=-1
2024-04-07 09:49:39,780:INFO:Calculating mean and std
2024-04-07 09:49:39,781:INFO:Creating metrics dataframe
2024-04-07 09:49:39,782:INFO:Uploading results into container
2024-04-07 09:49:39,782:INFO:Uploading model into container now
2024-04-07 09:49:39,783:INFO:_master_model_container: 19
2024-04-07 09:49:39,783:INFO:_display_container: 2
2024-04-07 09:49:39,783:INFO:<catboost.core.CatBoostRegressor object at 0x00000229E56E7CD0>
2024-04-07 09:49:39,783:INFO:create_model() successfully completed......................................
2024-04-07 09:49:40,168:WARNING:create_model() for <catboost.core.CatBoostRegressor object at 0x00000229E56E7CD0> raised an exception or returned all 0.0, trying without fit_kwargs:
2024-04-07 09:49:40,172:WARNING:Traceback (most recent call last):
  File "C:\Users\Mohamed\anaconda3\Lib\site-packages\pycaret\internal\pycaret_experiment\supervised_experiment.py", line 797, in compare_models
    np.sum(
AssertionError

2024-04-07 09:49:40,173:INFO:Initializing create_model()
2024-04-07 09:49:40,173:INFO:create_model(self=<pycaret.regression.oop.RegressionExperiment object at 0x00000229ED4D5750>, estimator=catboost, fold=KFold(n_splits=10, random_state=None, shuffle=False), round=4, cross_validation=True, predict=True, fit_kwargs={}, groups=None, refit=False, probability_threshold=None, experiment_custom_tags=None, verbose=False, system=False, add_to_model_list=True, metrics=None, display=<pycaret.internal.display.display.CommonDisplay object at 0x00000229E8514390>, model_only=True, return_train_score=False, error_score=0.0, kwargs={})
2024-04-07 09:49:40,173:INFO:Checking exceptions
2024-04-07 09:49:40,173:INFO:Importing libraries
2024-04-07 09:49:40,173:INFO:Copying training dataset
2024-04-07 09:49:40,177:INFO:Defining folds
2024-04-07 09:49:40,177:INFO:Declaring metric variables
2024-04-07 09:49:40,180:INFO:Importing untrained model
2024-04-07 09:49:40,184:INFO:CatBoost Regressor Imported successfully
2024-04-07 09:49:40,190:INFO:Starting cross validation
2024-04-07 09:49:40,192:INFO:Cross validating with KFold(n_splits=10, random_state=None, shuffle=False), n_jobs=-1
2024-04-07 09:49:47,882:INFO:Calculating mean and std
2024-04-07 09:49:47,882:INFO:Creating metrics dataframe
2024-04-07 09:49:47,884:INFO:Uploading results into container
2024-04-07 09:49:47,884:INFO:Uploading model into container now
2024-04-07 09:49:47,885:INFO:_master_model_container: 20
2024-04-07 09:49:47,885:INFO:_display_container: 2
2024-04-07 09:49:47,885:INFO:<catboost.core.CatBoostRegressor object at 0x00000229E55BCED0>
2024-04-07 09:49:47,885:INFO:create_model() successfully completed......................................
2024-04-07 09:49:48,266:INFO:SubProcess create_model() end ==================================
2024-04-07 09:49:48,266:INFO:Creating metrics dataframe
2024-04-07 09:49:48,274:INFO:Initializing Dummy Regressor
2024-04-07 09:49:48,274:INFO:Total runtime is 0.619723629951477 minutes
2024-04-07 09:49:48,277:INFO:SubProcess create_model() called ==================================
2024-04-07 09:49:48,278:INFO:Initializing create_model()
2024-04-07 09:49:48,278:INFO:create_model(self=<pycaret.regression.oop.RegressionExperiment object at 0x00000229ED4D5750>, estimator=dummy, fold=KFold(n_splits=10, random_state=None, shuffle=False), round=4, cross_validation=True, predict=True, fit_kwargs={}, groups=None, refit=False, probability_threshold=None, experiment_custom_tags=None, verbose=False, system=False, add_to_model_list=True, metrics=None, display=<pycaret.internal.display.display.CommonDisplay object at 0x00000229E8514390>, model_only=True, return_train_score=False, error_score=0.0, kwargs={})
2024-04-07 09:49:48,278:INFO:Checking exceptions
2024-04-07 09:49:48,278:INFO:Importing libraries
2024-04-07 09:49:48,278:INFO:Copying training dataset
2024-04-07 09:49:48,282:INFO:Defining folds
2024-04-07 09:49:48,282:INFO:Declaring metric variables
2024-04-07 09:49:48,284:INFO:Importing untrained model
2024-04-07 09:49:48,287:INFO:Dummy Regressor Imported successfully
2024-04-07 09:49:48,294:INFO:Starting cross validation
2024-04-07 09:49:48,295:INFO:Cross validating with KFold(n_splits=10, random_state=None, shuffle=False), n_jobs=-1
2024-04-07 09:49:48,426:INFO:Calculating mean and std
2024-04-07 09:49:48,430:INFO:Creating metrics dataframe
2024-04-07 09:49:48,431:INFO:Uploading results into container
2024-04-07 09:49:48,432:INFO:Uploading model into container now
2024-04-07 09:49:48,432:INFO:_master_model_container: 21
2024-04-07 09:49:48,432:INFO:_display_container: 2
2024-04-07 09:49:48,433:INFO:DummyRegressor()
2024-04-07 09:49:48,433:INFO:create_model() successfully completed......................................
2024-04-07 09:49:48,824:INFO:SubProcess create_model() end ==================================
2024-04-07 09:49:48,824:INFO:Creating metrics dataframe
2024-04-07 09:49:48,840:INFO:Initializing create_model()
2024-04-07 09:49:48,840:INFO:create_model(self=<pycaret.regression.oop.RegressionExperiment object at 0x00000229ED4D5750>, estimator=<catboost.core.CatBoostRegressor object at 0x00000229E55BCED0>, fold=KFold(n_splits=10, random_state=None, shuffle=False), round=4, cross_validation=False, predict=False, fit_kwargs={}, groups=None, refit=True, probability_threshold=None, experiment_custom_tags=None, verbose=False, system=False, add_to_model_list=True, metrics=None, display=None, model_only=True, return_train_score=False, error_score=0.0, kwargs={})
2024-04-07 09:49:48,840:INFO:Checking exceptions
2024-04-07 09:49:48,842:INFO:Importing libraries
2024-04-07 09:49:48,842:INFO:Copying training dataset
2024-04-07 09:49:48,847:INFO:Defining folds
2024-04-07 09:49:48,847:INFO:Declaring metric variables
2024-04-07 09:49:48,847:INFO:Importing untrained model
2024-04-07 09:49:48,847:INFO:Declaring custom model
2024-04-07 09:49:48,847:INFO:CatBoost Regressor Imported successfully
2024-04-07 09:49:48,848:INFO:Cross validation set to False
2024-04-07 09:49:48,848:INFO:Fitting Model
2024-04-07 09:49:50,604:INFO:<catboost.core.CatBoostRegressor object at 0x00000229EBBEF510>
2024-04-07 09:49:50,604:INFO:create_model() successfully completed......................................
2024-04-07 09:49:51,061:INFO:_master_model_container: 21
2024-04-07 09:49:51,061:INFO:_display_container: 2
2024-04-07 09:49:51,061:INFO:<catboost.core.CatBoostRegressor object at 0x00000229EBBEF510>
2024-04-07 09:49:51,061:INFO:compare_models() successfully completed......................................
